<?xml version="1.0" encoding="UTF-8"?>
<!-- Generated by org.testng.reporters.JUnitReportReporter -->
<testsuite hostname="DESKTOP-33LFOEI" failures="0" tests="1" name="Script.AddToWishList" time="13.837" errors="0" timestamp="2023-06-20T16:59:07 IST" skipped="0">
  <testcase classname="Script.AddToWishList" name="TC1" time="13.837"/>
</testsuite> <!-- Script.AddToWishList -->
