<?xml version="1.0" encoding="UTF-8"?>
<!-- Generated by org.testng.reporters.JUnitReportReporter -->
<testsuite hostname="DESKTOP-33LFOEI" failures="0" tests="1" name="TC1" time="16.400" errors="0" timestamp="2023-06-21T19:43:46 IST" skipped="0">
  <testcase classname="TC1" name="TC" time="16.400"/>
</testsuite> <!-- TC1 -->
